<?xml version="1.0" encoding="UTF-8"?>
<!-- Generated by org.testng.reporters.JUnitReportReporter -->
<testsuite hostname="APPLEs-MacBook-Air.local" failures="0" tests="1" name="com.automation.testcases.LoginTest" time="3.685" errors="0" timestamp="2021-04-13T17:00:12 IST" skipped="0">
  <testcase classname="com.automation.testcases.LoginTest" name="appLogin" time="3.685"/>
  <system-out/>
</testsuite> <!-- com.automation.testcases.LoginTest -->
